Build started 24-08-2015 20:31:27.
     1>Project "G:\LightEngine\LightEngine\LightEngine.vcxproj" on node 2 (Build target(s)).
     1>ClCompile:
         C:\Program Files (x86)\Microsoft Visual Studio 12.0\VC\bin\CL.exe /c /ZI /nologo /W3 /WX- /sdl /Od /Oy- /D _MBCS /Gm /EHsc /RTC1 /MDd /GS /fp:precise /Zc:wchar_t /Zc:forScope /Fo"Debug\\" /Fd"Debug\vc120.pdb" /Gd /TP /analyze- /errorReport:prompt Application.cpp
         Application.cpp
     1>c:\program files (x86)\windows kits\8.1\include\shared\minwindef.h(130): warning C4005: 'APIENTRY' : macro redefinition
                 g:\lightengine\lightengine\contrib\include\glfw\glfw3.h(85) : see previous definition of 'APIENTRY'
     1>g:\lightengine\lightengine\application.cpp(57): warning C4244: '=' : conversion from 'double' to 'GLfloat', possible loss of data
     1>g:\lightengine\lightengine\application.cpp(58): warning C4244: '=' : conversion from 'double' to 'GLfloat', possible loss of data
     1>g:\lightengine\lightengine\application.cpp(62): warning C4244: 'initializing' : conversion from 'double' to 'GLfloat', possible loss of data
     1>g:\lightengine\lightengine\application.cpp(63): warning C4244: 'initializing' : conversion from 'double' to 'GLfloat', possible loss of data
     1>g:\lightengine\lightengine\application.cpp(65): warning C4244: '=' : conversion from 'double' to 'GLfloat', possible loss of data
     1>g:\lightengine\lightengine\application.cpp(66): warning C4244: '=' : conversion from 'double' to 'GLfloat', possible loss of data
     1>g:\lightengine\lightengine\application.cpp(77): warning C4244: 'argument' : conversion from 'double' to 'GLfloat', possible loss of data
       Link:
         C:\Program Files (x86)\Microsoft Visual Studio 12.0\VC\bin\link.exe /ERRORREPORT:PROMPT /OUT:"G:\LightEngine\Debug\LightEngine.exe" /INCREMENTAL /NOLOGO /LIBPATH:G:\LightEngine\LightEngine\Contrib\Lib kernel32.lib user32.lib gdi32.lib winspool.lib comdlg32.lib advapi32.lib shell32.lib ole32.lib oleaut32.lib uuid.lib odbc32.lib odbccp32.lib /MANIFEST /MANIFESTUAC:"level='asInvoker' uiAccess='false'" /manifest:embed /DEBUG /PDB:"G:\LightEngine\Debug\LightEngine.pdb" /TLBID:1 /DYNAMICBASE /NXCOMPAT /IMPLIB:"G:\LightEngine\Debug\LightEngine.lib" /MACHINE:X86 Debug\Application.obj
         Debug\Demo.obj
         Debug\Mesh.obj
         Debug\Model.obj
         Debug\ParticleSystem.obj
         Debug\RenderObject.obj
         Debug\Skybox.obj
         Debug\Shader.obj
         Debug\Utility.obj
         LightEngine.vcxproj -> G:\LightEngine\Debug\LightEngine.exe
     1>Done Building Project "G:\LightEngine\LightEngine\LightEngine.vcxproj" (Build target(s)).

Build succeeded.

Time Elapsed 00:00:02.42
